# JRE version: OpenJDK Runtime Environment (11.0+28) (build 11+28)
# Java VM: OpenJDK 64-Bit Server VM (11+28, mixed mode, tiered, compressed oops, g1 gc, windows-amd64)
Heap:
 garbage-first heap   total 73728K, used 55732K [0x0000000085000000, 0x0000000100000000)
  region size 1024K, 25 young (25600K), 2 survivors (2048K)
 Metaspace       used 86430K, capacity 91308K, committed 91468K, reserved 1128448K
  class space    used 10253K, capacity 11744K, committed 11852K, reserved 1048576K
GC Heap History (10 events):
Event: 8663.142 GC heap before
{Heap before GC invocations=883 (full 79):
 garbage-first heap   total 73728K, used 54588K [0x0000000085000000, 0x0000000100000000)
  region size 1024K, 24 young (24576K), 2 survivors (2048K)
 Metaspace       used 86149K, capacity 90996K, committed 91084K, reserved 1128448K
  class space    used 10221K, capacity 11704K, committed 11724K, reserved 1048576K
}
Event: 8663.219 GC heap after
{Heap after GC invocations=884 (full 80):
 garbage-first heap   total 73728K, used 29867K [0x0000000085000000, 0x0000000100000000)
  region size 1024K, 0 young (0K), 0 survivors (0K)
 Metaspace       used 86147K, capacity 90990K, committed 91084K, reserved 1128448K
  class space    used 10221K, capacity 11702K, committed 11724K, reserved 1048576K
}
Event: 8663.544 GC heap before
{Heap before GC invocations=884 (full 80):
 garbage-first heap   total 73728K, used 56491K [0x0000000085000000, 0x0000000100000000)
  region size 1024K, 26 young (26624K), 0 survivors (0K)
 Metaspace       used 86270K, capacity 91174K, committed 91468K, reserved 1128448K
  class space    used 10233K, capacity 11742K, committed 11852K, reserved 1048576K
}
Event: 8663.549 GC heap after
{Heap after GC invocations=885 (full 80):
 garbage-first heap   total 73728K, used 31509K [0x0000000085000000, 0x0000000100000000)
  region size 1024K, 2 young (2048K), 2 survivors (2048K)
 Metaspace       used 86270K, capacity 91174K, committed 91468K, reserved 1128448K
  class space    used 10233K, capacity 11742K, committed 11852K, reserved 1048576K
}
Event: 8663.812 GC heap before
{Heap before GC invocations=886 (full 80):
 garbage-first heap   total 73728K, used 56085K [0x0000000085000000, 0x0000000100000000)
  region size 1024K, 27 young (27648K), 2 survivors (2048K)
 Metaspace       used 86298K, capacity 91174K, committed 91468K, reserved 1128448K
  class space    used 10240K, capacity 11742K, committed 11852K, reserved 1048576K
}
Event: 8663.814 GC heap after
{Heap after GC invocations=887 (full 80):
 garbage-first heap   total 73728K, used 32803K [0x0000000085000000, 0x0000000100000000)
  region size 1024K, 3 young (3072K), 3 survivors (3072K)
 Metaspace       used 86298K, capacity 91174K, committed 91468K, reserved 1128448K
  class space    used 10240K, capacity 11742K, committed 11852K, reserved 1048576K
}
Event: 8663.893 GC heap before
{Heap before GC invocations=887 (full 80):
 garbage-first heap   total 73728K, used 56355K [0x0000000085000000, 0x0000000100000000)
  region size 1024K, 27 young (27648K), 3 survivors (3072K)
 Metaspace       used 86333K, capacity 91238K, committed 91468K, reserved 1128448K
  class space    used 10243K, capacity 11742K, committed 11852K, reserved 1048576K
}
Event: 8663.901 GC heap after
{Heap after GC invocations=888 (full 80):
 garbage-first heap   total 73728K, used 32999K [0x0000000085000000, 0x0000000100000000)
  region size 1024K, 2 young (2048K), 2 survivors (2048K)
 Metaspace       used 86333K, capacity 91238K, committed 91468K, reserved 1128448K
  class space    used 10243K, capacity 11742K, committed 11852K, reserved 1048576K
}
Event: 8663.941 GC heap before
{Heap before GC invocations=888 (full 80):
 garbage-first heap   total 73728K, used 56551K [0x0000000085000000, 0x0000000100000000)
  region size 1024K, 26 young (26624K), 2 survivors (2048K)
 Metaspace       used 86358K, capacity 91238K, committed 91468K, reserved 1128448K
  class space    used 10246K, capacity 11742K, committed 11852K, reserved 1048576K
}
Event: 8663.943 GC heap after
{Heap after GC invocations=889 (full 80):
 garbage-first heap   total 73728K, used 33204K [0x0000000085000000, 0x0000000100000000)
  region size 1024K, 2 young (2048K), 2 survivors (2048K)
 Metaspace       used 86358K, capacity 91238K, committed 91468K, reserved 1128448K
  class space    used 10246K, capacity 11742K, committed 11852K, reserved 1048576K
}

